[debug] [2025-08-21T23:47:24.686Z] ----------------------------------------------------------------------
[debug] [2025-08-21T23:47:24.689Z] Command:       /Users/mac/.nvm/versions/node/v22.17.0/bin/node /Users/mac/.nvm/versions/node/v22.17.0/bin/firebase init
[debug] [2025-08-21T23:47:24.689Z] CLI Version:   14.14.0
[debug] [2025-08-21T23:47:24.689Z] Platform:      darwin
[debug] [2025-08-21T23:47:24.690Z] Node Version:  v22.17.0
[debug] [2025-08-21T23:47:24.690Z] Time:          Fri Aug 22 2025 00:47:24 GMT+0100 (West Africa Standard Time)
[debug] [2025-08-21T23:47:24.690Z] ----------------------------------------------------------------------
[debug] 
[debug] [2025-08-21T23:47:24.692Z] >>> [apiv2][query] GET https://firebase-public.firebaseio.com/cli.json [none]
[debug] [2025-08-21T23:47:24.751Z] > command requires scopes: ["email","openid","https://www.googleapis.com/auth/cloudplatformprojects.readonly","https://www.googleapis.com/auth/firebase","https://www.googleapis.com/auth/cloud-platform"]
[debug] [2025-08-21T23:47:24.751Z] > authorizing via signed-in user (faisalodunuga@gmail.com)
[info] 
     ######## #### ########  ######## ########     ###     ######  ########
     ##        ##  ##     ## ##       ##     ##  ##   ##  ##       ##
     ######    ##  ########  ######   ########  #########  ######  ######
     ##        ##  ##    ##  ##       ##     ## ##     ##       ## ##
     ##       #### ##     ## ######## ########  ##     ##  ######  ########

You're about to initialize a Firebase project in this directory:

  /Users/mac/Desktop/Projects/ticketa

[debug] [2025-08-21T23:47:25.384Z] <<< [apiv2][status] GET https://firebase-public.firebaseio.com/cli.json 200
[debug] [2025-08-21T23:47:25.384Z] <<< [apiv2][body] GET https://firebase-public.firebaseio.com/cli.json {"cloudBuildErrorAfter":1594252800000,"cloudBuildWarnAfter":1590019200000,"defaultNode10After":1594252800000,"minVersion":"3.0.5","node8DeploysDisabledAfter":1613390400000,"node8RuntimeDisabledAfter":1615809600000,"node8WarnAfter":1600128000000}
[info] 
=== Project Setup
[info] 
[info] First, let's associate this project directory with a Firebase project.
[info] You can create multiple project aliases by running firebase use --add, 
[info] but for now we'll just set up a default project.
[info] 
[debug] [2025-08-21T23:49:27.218Z] Checked if tokens are valid: false, expires at: 1754525638625
[debug] [2025-08-21T23:49:27.218Z] Checked if tokens are valid: false, expires at: 1754525638625
[debug] [2025-08-21T23:49:27.218Z] > refreshing access token with scopes: []
[debug] [2025-08-21T23:49:27.219Z] >>> [apiv2][query] POST https://www.googleapis.com/oauth2/v3/token [none]
[debug] [2025-08-21T23:49:27.219Z] >>> [apiv2][body] POST https://www.googleapis.com/oauth2/v3/token [omitted]
[debug] [2025-08-21T23:49:27.689Z] <<< [apiv2][status] POST https://www.googleapis.com/oauth2/v3/token 200
[debug] [2025-08-21T23:49:27.689Z] <<< [apiv2][body] POST https://www.googleapis.com/oauth2/v3/token [omitted]
[debug] [2025-08-21T23:49:27.743Z] >>> [apiv2][query] GET https://firebase.googleapis.com/v1beta1/projects pageSize=100
[debug] [2025-08-21T23:49:28.539Z] <<< [apiv2][status] GET https://firebase.googleapis.com/v1beta1/projects 200
[debug] [2025-08-21T23:49:28.540Z] <<< [apiv2][body] GET https://firebase.googleapis.com/v1beta1/projects [omitted]
[info] i  Using project ticketa-app (ticketa-app) 
[info] 
=== Hosting Setup
[debug] [2025-08-21T23:49:36.481Z] Checked if tokens are valid: true, expires at: 1755823766689
[debug] [2025-08-21T23:49:36.481Z] Checked if tokens are valid: true, expires at: 1755823766689
[debug] [2025-08-21T23:49:36.481Z] >>> [apiv2][query] GET https://firebase.googleapis.com/v1beta1/projects/ticketa-app [none]
[debug] [2025-08-21T23:49:37.061Z] <<< [apiv2][status] GET https://firebase.googleapis.com/v1beta1/projects/ticketa-app 200
[debug] [2025-08-21T23:49:37.061Z] <<< [apiv2][body] GET https://firebase.googleapis.com/v1beta1/projects/ticketa-app {"projectId":"ticketa-app","projectNumber":"282288883390","displayName":"ticketa-app","name":"projects/ticketa-app","resources":{"hostingSite":"ticketa-app"},"state":"ACTIVE","etag":"1_c02f1d61-0a53-455b-9cce-121234be8b31"}
[info] 
[info] Your public directory is the folder (relative to your project directory) that
[info] will contain Hosting assets to be uploaded with firebase deploy. If you
[info] have a build process for your assets, use your build's output directory.
[info] 
[debug] [2025-08-21T23:49:48.435Z] >>> [apiv2][query] GET https://www.gstatic.com/firebasejs/releases.json [none]
[debug] [2025-08-21T23:49:48.827Z] <<< [apiv2][status] GET https://www.gstatic.com/firebasejs/releases.json 200
[debug] [2025-08-21T23:49:48.827Z] <<< [apiv2][body] GET https://www.gstatic.com/firebasejs/releases.json {"current":{"version":"12.1.0","browserURL":"https://www.gstatic.com/firebasejs/12.1.0/firebase.js","packageURL":"https://www.gstatic.com/firebasejs/12.1.0/firebase.tgz"},"live":{"version":"12.1","browserURL":"https://www.gstatic.com/firebasejs/live/12.1/firebase.js","packageURL":"https://www.gstatic.com/firebasejs/live/12.1/firebase.tgz"},"components":{"ai":"https://www.gstatic.com/firebasejs/12.1.0/firebase-ai.js","analytics":"https://www.gstatic.com/firebasejs/12.1.0/firebase-analytics.js","app":"https://www.gstatic.com/firebasejs/12.1.0/firebase-app.js","app-check":"https://www.gstatic.com/firebasejs/12.1.0/firebase-app-check.js","auth":"https://www.gstatic.com/firebasejs/12.1.0/firebase-auth.js","auth/cordova":"https://www.gstatic.com/firebasejs/12.1.0/firebase-auth/cordova.js","auth/web-extension":"https://www.gstatic.com/firebasejs/12.1.0/firebase-auth/web-extension.js","functions":"https://www.gstatic.com/firebasejs/12.1.0/firebase-functions.js","firestore":"https://www.gstatic.com/firebasejs/12.1.0/firebase-firestore.js","firestore/lite":"https://www.gstatic.com/firebasejs/12.1.0/firebase-firestore/lite.js","installations":"https://www.gstatic.com/firebasejs/12.1.0/firebase-installations.js","storage":"https://www.gstatic.com/firebasejs/12.1.0/firebase-storage.js","performance":"https://www.gstatic.com/firebasejs/12.1.0/firebase-performance.js","remote-config":"https://www.gstatic.com/firebasejs/12.1.0/firebase-remote-config.js","messaging":"https://www.gstatic.com/firebasejs/12.1.0/firebase-messaging.js","messaging/sw":"https://www.gstatic.com/firebasejs/12.1.0/firebase-messaging/sw.js","database":"https://www.gstatic.com/firebasejs/12.1.0/firebase-database.js","data-connect":"https://www.gstatic.com/firebasejs/12.1.0/firebase-data-connect.js","firestore.memory":"https://www.gstatic.com/firebasejs/12.1.0/firebase-firestore.memory.js"}}
[info] ✔  Wrote public/index.html 
[info] 
[info] i  Detected a .git folder at /Users/mac/Desktop/Projects/ticketa 
[info] i  Authorizing with GitHub to upload your service account to a GitHub repository's secrets store. 
[info] 
[info] Visit this URL on this device to log in:
[info] https://github.com/login/oauth/authorize?client_id=89cf50f02ac6aaed3484&state=293488767&redirect_uri=http%3A%2F%2Flocalhost%3A9005&scope=read%3Auser%20repo%20public_repo
[info] 
[info] Waiting for authentication...
[debug] [2025-08-21T23:49:49.970Z] >>> [apiv2][query] POST https://github.com/login/oauth/access_token [none]
[debug] [2025-08-21T23:49:49.970Z] >>> [apiv2][body] POST https://github.com/login/oauth/access_token [stream]
[debug] [2025-08-21T23:49:50.796Z] <<< [apiv2][status] POST https://github.com/login/oauth/access_token 200
[debug] [2025-08-21T23:49:50.796Z] <<< [apiv2][body] POST https://github.com/login/oauth/access_token {"access_token":"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","token_type":"bearer","scope":"read:user,repo"}
[debug] [2025-08-21T23:49:50.801Z] >>> [apiv2][query] GET https://api.github.com/user [none]
[debug] [2025-08-21T23:49:51.635Z] <<< [apiv2][status] GET https://api.github.com/user 200
[debug] [2025-08-21T23:49:51.636Z] <<< [apiv2][body] GET https://api.github.com/user {"login":"faisal-odunuga","id":185609494,"node_id":"U_kgDOCxAtFg","avatar_url":"https://avatars.githubusercontent.com/u/185609494?v=4","gravatar_id":"","url":"https://api.github.com/users/faisal-odunuga","html_url":"https://github.com/faisal-odunuga","followers_url":"https://api.github.com/users/faisal-odunuga/followers","following_url":"https://api.github.com/users/faisal-odunuga/following{/other_user}","gists_url":"https://api.github.com/users/faisal-odunuga/gists{/gist_id}","starred_url":"https://api.github.com/users/faisal-odunuga/starred{/owner}{/repo}","subscriptions_url":"https://api.github.com/users/faisal-odunuga/subscriptions","organizations_url":"https://api.github.com/users/faisal-odunuga/orgs","repos_url":"https://api.github.com/users/faisal-odunuga/repos","events_url":"https://api.github.com/users/faisal-odunuga/events{/privacy}","received_events_url":"https://api.github.com/users/faisal-odunuga/received_events","type":"User","user_view_type":"private","site_admin":false,"name":"Faisal Odunuga Olatunbosun","company":null,"blog":"https://faisal-odunuga.vercel.app/","location":"Lagos, Nigeria","email":"faisalodunuga@gmail.com","hireable":null,"bio":"I'm a passionate Front-End Developer with 3+ years of experience building sleek, accessible, and responsive web interfaces.","twitter_username":null,"notification_email":"faisalodunuga@gmail.com","public_repos":11,"public_gists":0,"followers":0,"following":0,"created_at":"2024-10-19T12:51:17Z","updated_at":"2025-08-04T12:46:41Z","private_gists":0,"total_private_repos":2,"owned_private_repos":2,"disk_usage":158923,"collaborators":0,"two_factor_authentication":true,"plan":{"name":"free","space":976562499,"collaborators":0,"private_repos":10000}}
[info] 
[info] ✔  Success! Logged into GitHub as faisal-odunuga 
[info] 
